201811123010
201811113007
201811123022
201811123028
201811113005
201811113029
201811113014
201811123015
201811123025
201811113019
201811113015
201811113004
201811123015
201811113029
201811123007
201811113025
201811123001
201811113004
201811113003
201811113033
201811123024
201811113028
201811113027
201811123002
201811113010
201811123007
201811123003
201811113006
201811113020
201811123006
201811123019
201811113029
201811123003
201811113034
201811123025
201811123025
201811123026
201811113017
201811113024
201811123014
201811123030
201811113010
201811113003
201811113020
201811123011
201811113034
201811123013
201811113026
201811113019
201811123026
201811123020
201811113007
201811113024
201811123008
201811123003
201811113016
201811123025
201811123016
201811113004
201811113003
201811113029
201811123018
201811123011
201811123001
201811113031
201811123005
201811123026
201711133020
201811123012
201811123009
201811113009
201811123020
201811123011
201811123016
201811123022
201811123015
201811123011
201811123015
201811113027
201811123003
201811123003
201811113031
201811123008
201811123030
201811113019
201811123004
201811123005
201811123003
201811123002
201811113015
201811123022
201811113011
201811123004
201811113018
201811113007
201711133020
201811123011
201811123012
201811113034
201811113010
201811123005
201811113002
201811113010
201811123003
201811123003
201811113016
201811123003
201811113013
201811113018
201811113024
201811123003
201811113030
201811113031
201811113007
201811123015
201811113005
201811123029
201811123026
201811123003
201811113029
201811113021
201811113003
201811113035
201811113016
201811113027
201811123023
201811123026
201811113028
201811123021
201811113013
201811123013
201811113020
201811113013
201811113030
201811123008
201811113009
201811113027
201811123016
201811113008
201811113016
201811123005
201811123003
201811113024
201811113022
201811113012
201811123027
201811113001
201811113002
201811123003
201811113029
201811123024
201811123029
201811123012
201811113031
201811113028
201811113014
201811123027
201811123005
201811123021
201811113015
201811113028
201811113008
201811113033
201811113002
201811113035
201811113014
201811113003
201811113014
201811123004
201811113034
201811113025
201811113024
201811123012
201811113033
201811113004
201811123019
201811113024
201811113012
201811123003
201811113006
201811113003
201811113006
201811123022
201811123012
201811113026
201811113029
201811113012
201811113030
201811123009
201811123022
201811113023
201811113014
201811113018
201811113031
201811113025
201811123003
201811123015
201811123006
201811113011
201811123003
201811113031
201811113006
201811113007
201811123003
201811123013
201811123027
201811113007
201811113029
201811113028
201811123020
201811123003
201811123024
201811113018
201811113034
201811113015
201811123027
201811123003
201811123004
201811123028
201811113021
201811113017
201811113007
201811123015
201811123030
201811123016
201811123022
201811113035
201811123027
201811123014
201811113008
201811113029
201811113001
201811113021
201811123014
201811113001
201811113023
201811113033
201811113032
201811113029
201811113029
201811123026
201811113021
201811113001
201811123003
201811123009
201811113016
201811123024
201811123003
201811123030
201811113018
201811123004
201811113026
201811123017
201811113009
201711133020
201811113004
201811113031
201811123003
201811113004
201811113030
201811123016
201811123024
201811123003
201811113020
201811123020
201811123002
201811123026
201811123011
201811123011
201811113004
201811123008
201811123018
201811113022
201811113003
201711133020
201811123023
201811113017
201811123014
201811113005
201811113027
201811113024
201811123015
201811123005
201811123013
201811123012
201811123002
201811123029
201811123010
201811113029
201811123003
201711133020
201811123003
201811123029
201811123003
201811123020
201811123005
201811113001
201811123030
201811113002
201811113021
201711133020
201811123008
201811113013
201711133020
201811123002
201811113020
201811113020
201811123004
201811113020
201811123001
201811113020
201811123025
201811123028
201811123003
201811123003
201811113029
201811113025
201811123003
201811123001
201811113032
201811113016
201711133020
201811113034
201811113006
201811113019
201811123001
201811113011
201811113018
201811123029
201811123003
201811113033
201811113012
201811113011
201811113009
201811123010
201811123014
201811113030
201811113011
201811113028
201811113026
201811113033
201811113026
201811123012
201811123021
201811113034
201811123006
201811123003
201811113003
201811113023
201811123013
201811113010
201811123004
201811123009
201811123003
201811123019
201811113005
201811123027
201811123028
201811123026
201811113029
201811113011
201811113007
201811113033
201811113008
201811123014
201811113021
201811113028
201811123003
201711133020
201811123030
201811113033
201811113034
201711133020
201811123002
201811123021
201811113035
201811123003
201811123012
201811123002
201811113011
201811113027
201811113007
201811123012
201811123027
201811123009
201811113031
201811113009
201811113002
201811123016
201811113005
201811123006
201811113024
201811123013
201811113005
201811113021
201811113018
201811123003
201811123019
201811113010
201811123027
201811113017
201811123007
201811113030
201811123021
201811113008
201811123014
201811113033
201811123010
201811123028
201811123020
201711133020
201811113016
201811123003
201811113031
201811113010
201811113024
201811123023
201811113026
201811123011
201811113011
201811123004
201811123008
201811123007
201811123014
201811123024
201811123006
201811113031
201811113021
201811123011
201811123001
201811113021
201811123022
201811113011
201811123019
201811123001
201811123003
201811113003
201811123030
201811113030
201811123029
201811113017
201811123013
201811123003
201811123014
201811113032
201811113015
201811123010
201811123028
201811123018
201811113031
201811113007
201811113035
201811113031
201811113010
201811113010
201811113013
201811123025
201811123001
201811123020
201811113008
201811123013
201811113035
201811113021
201811123021
201811113017
201811123015
201811123021
201811123030
201811113015
201811123003
201811123010
201811113015
201811123028
201811113021
201811123007
201811113022
201811123003
201811113018
201811123011
201811113027
201811113006
201811113001
201811123003
201811123003
201811123005
201811113010
201811113011
201811113009
201811113025
201711133020
201811123014
201811113033
201811113018
201811113003
201811123019
201811123022
201811123005
201811113030
201811113024
201811113016
2018111230269
201811123009
201811123029
201811113003
201811113023
201811123012
201811123017
201811113026
201811123015
201811113007
201811113028
201811123008
201811123003
201811113019
201811113033
201811113026
201811123027
201811113011
201811123005
201811123003
201811113030
201811113026
201811113030
201811113003
201811123006
201811113022
201811123003
201811113005
201811123026
201811113019
201811113002
201811113008
201811123025
201811123002
201811113030
201811123021
201811123012
201811113027
201811113007
201811113014
201811123006
201811113018
201811113015
201811113008
201811113013
201811113010
201811123002
201811113003
201811123001
201811113031
201811123004
201811113010
201811123030
201811113013
201811113012
201811123021
201811123003
201811123022
201811113014
201811113006
201811123009
201811123003
201811123024
201811113008
201811113017
201811123005
201811113033
201811113028
201811113008
201811123019
201811123013
201811123024
201811123016
201811113023
201811123003
201811113013
201811123015
201811113014
201811123026
201811113021
201811113035
201811123001
201811123003
201811123026
201811123016
201711133020
201811113028
201711133020
201811113012
201811113029
201811113019
201811123019
201811123023
201811113033
201811123016
201811123003
201811123015
201811123020
201811123026
201811123011
201811113034
201811123003
201811113001
201811113027
201811123026
201811123003
201811123017
201811113001
201811113003
201811113008
201811123003
201811113027
201811123005
201811123028
201811123003
201811113005
201811123030
201811113030
201811113022
201811113017
201811123023
201811113001
201811123014
201811123021
201811123017
201811123003
201811113032
201811113006
201811123024
201811113026
201811123006
201811113030
201811113034
201811113035
201811113022
201811123003
201811113034
201811123006
201811113032
201811123021
201811123009
201811123003
201811113031
201811113034
201811123015
201811113024
201811123027
201811113007
201811123007
201811123009
201811113021
201811123015
201811123027
201811123016
201811113016
201811113035
201811113034
201811123003
201811113033
201811113027
201811113030
201811123004
201811123022
201811113024
201811113022
201811113031
201811123023
201811113028
201811123006
201811113027
201811123003
201811113020
201811123012
201811113012
201811123006
201811113009
201811113008
201811123003
201811123024
201811123016
201811123021
201811113028
201811113021
201811123005
201811113007
201811113017
201811113023
201811113029
201811123008
201811123004
201811123028
201811113028
201811123017
201811113023
201811113007
201811113026
201811113019
201811123020
201811113008
201811113011
201811113026
201811113035
201811113031
201811113020
201811123018
201811123024
201811123027
201811113033
201811123017
201711133020
201811123025
201811123012
201811123018
201811113014
201811113035
201811123030
201811113003
201811113020
201811123027
201811113012
201811123022
201811113022
201811123020
201711133020
201811123018
201811123027
201811123022
201811123025
201811123009
201811123017
201811123017
201811113005
201811123003
201811123028
201811123018
201811123027
201811123007
201811113028
201811113031
201811113019
201811113005
201811123003
201811123003
201811123001
201811123028
201811123009
201811113017
201811113008
201811123003
201811123017
201811123020
201811123027
201811123027
201811123003
201811113032
201811113024
201811113007
201811123003
201811113002
201811123011
201811123015
201811123003
201811123008
201811113007
201811123010
201811123016
201811113011
201811113030
201811113030
201811113018
201811123005
201811123030
201811113030
201811113027
201811113034
201811113012
201811123025
201811113019
201811123003
201811123003
201811123003
201811123001
201811113018
201811123024
201811113030
201811123003
201811113014
201811113020
201811123023
201811113030
201811113020
201811113001
201811113001
201811113034
201811123024
201811113034
201811113032
201811113033
201811123003
201811113023
201811113015
201811113035
201811113020
201711133020
201811123011
201811113012
201811113035
201811123003
201811113017
201811113010
201811113018
201811113011
201811113015
201811123008
201811123009
201811123010
201811113028
201811113009
201811113013
201811113008
201811113034
201811113018
201811113026
201811113027
201811123008
201811123003
201811113033
201811123020
201811113004
201811113034
201811123015
201811113023
201811113025
201811123003
201811113020
201811123029
201811113012
201811123003
201811123003
201811123013
201811123005
201811123014
201811123007
201811123027
201811123022
201811113025
201811113017
201811123003
201811123024
201811113011
201811113002
201811123018
201811123016
201811113012
201811113008
201811123010
201811123003
201811113003
201811123008
201811113002
201811113002
201811123011
201811123002
201811123003
201811123021
201811123003
201811123030
201811123003
201811123022
201811113022
201811113025
201811123018
201811123012
201811123026
201811123015
201811113004
201811123029
201811123001
201811113023
201811123005
201811113015
201811113009
201811123017
201811123018
201811113015
201811123021
201811113034
201811123016
201811113029
201811113002
201811113033
201811123028
201811113018
201811113032
201811123025
201811123022
201811123028
201811123023
201811113015
201811113012
201811123010
201811113003
201811123020
201811123007
201811113034
201811123026
201811113004
201811123025
201811113027
201811123025
201811113035
201811113019
201811113034
201811113016
201811113022
201811123016
201811113029
201811123010
201811113016
201811123027
201811123003
201811123013
201811123003
201811123026
201811113035
201811113004
201811123004
201811123021
201811123011
201811123018
201711133020
201811123022
201811113023
201811113002
201811123027
201811113024
201811113017
201811113002
201811123003
201811113034
201811113002
201811123003
201811123010
201811113001
201811123012
201811123001
201811123015
201811123027
201811113028
201811113016
201811123026
201811123016
201811113013
201811113002
201811113014
201811123027
201811113023
201811113031
201811113017
201811123015
201811123024
201811113008
201811113015
201811113030
201811113005
201811123026
201811123022
201811113026
201811123029
201811123019
201811113031
201811123006
201811113021
201811123007
201811113006
201811123018
201811113018
201811113022
201811123003
201811113007
201811123006
201811113022
201711133020
201811113019
201811113011
201811113010
201811123019
201811123028
201811113004
201811123014
201811113004
201811113002
201811123019
201811123018
201811123004
201811113033
201811123007
201811113017
201811123026
201811113006
